<?xml version="1.0" encoding="UTF-8"?>
<!-- Generated by org.testng.reporters.JUnitReportReporter -->
<testsuite skipped="0" hostname="LAPTOP-FT5S200T" name="edgebrowser" tests="3" failures="0" timestamp="30 Jul 2019 12:43:44 GMT" time="8.626" errors="0">
  <testcase name="launchBrowser" time="4.706" classname="edgebrowser"/>
  <testcase name="openEdgeBrowser" time="3.048" classname="edgebrowser"/>
  <testcase name="closeDriver" time="0.872" classname="edgebrowser"/>
</testsuite> <!-- edgebrowser -->
