<?xml version="1.0" encoding="UTF-8"?>
<!-- Generated by org.testng.reporters.JUnitReportReporter -->
<testsuite skipped="0" hostname="LAPTOP-FT5S200T" name="edgebrowser" tests="1" failures="0" timestamp="09 Aug 2019 10:29:44 GMT" time="3.682" errors="0">
  <testcase name="launchBrowser" time="3.682" classname="edgebrowser"/>
</testsuite> <!-- edgebrowser -->
