<?xml version="1.0" encoding="UTF-8"?>
<!-- Generated by org.testng.reporters.JUnitReportReporter -->
<testsuite skipped="0" hostname="LAPTOP-FT5S200T" name="edgebrowser" tests="3" failures="0" timestamp="31 Jul 2019 05:54:48 GMT" time="41.900" errors="0">
  <testcase name="launchBrowser" time="6.084" classname="edgebrowser"/>
  <testcase name="openEdgeBrowser" time="34.470" classname="edgebrowser"/>
  <testcase name="closeDriver" time="1.346" classname="edgebrowser"/>
</testsuite> <!-- edgebrowser -->
