<?xml version="1.0" encoding="UTF-8"?>
<!-- Generated by org.testng.reporters.JUnitReportReporter -->
<testsuite skipped="0" hostname="LAPTOP-FT5S200T" name="edgebrowser" tests="2" failures="0" timestamp="09 Aug 2019 10:05:28 GMT" time="13.229" errors="0">
  <testcase name="launchBrowser" time="7.078" classname="edgebrowser"/>
  <testcase name="openChromeBrowser" time="6.151" classname="edgebrowser"/>
</testsuite> <!-- edgebrowser -->
