<?xml version="1.0" encoding="UTF-8"?>
<!-- Generated by org.testng.reporters.JUnitReportReporter -->
<testsuite skipped="0" hostname="LAPTOP-FT5S200T" name="edgebrowser" tests="3" failures="0" timestamp="30 Jul 2019 08:31:01 GMT" time="6.711" errors="0">
  <testcase name="launchBrowser" time="5.002" classname="edgebrowser"/>
  <testcase name="openEdgeBrowser" time="0.755" classname="edgebrowser"/>
  <testcase name="closeDriver" time="0.954" classname="edgebrowser"/>
</testsuite> <!-- edgebrowser -->
