<?xml version="1.0" encoding="UTF-8"?>
<!-- Generated by org.testng.reporters.JUnitReportReporter -->
<testsuite skipped="0" hostname="LAPTOP-FT5S200T" name="edgebrowser" tests="2" failures="0" timestamp="09 Aug 2019 10:21:39 GMT" time="10.837" errors="0">
  <testcase name="launchBrowser" time="3.793" classname="edgebrowser"/>
  <testcase name="openChromeBrowser" time="7.044" classname="edgebrowser"/>
</testsuite> <!-- edgebrowser -->
