<?xml version="1.0" encoding="UTF-8"?>
<!-- Generated by org.testng.reporters.JUnitReportReporter -->
<testsuite skipped="0" hostname="LAPTOP-FT5S200T" name="edgebrowser" tests="3" failures="0" timestamp="30 Jul 2019 08:28:08 GMT" time="10.459" errors="0">
  <testcase name="launchBrowser" time="7.736" classname="edgebrowser"/>
  <testcase name="openEdgeBrowser" time="1.601" classname="edgebrowser"/>
  <testcase name="closeDriver" time="1.122" classname="edgebrowser"/>
</testsuite> <!-- edgebrowser -->
