<?xml version="1.0" encoding="UTF-8"?>
<!-- Generated by org.testng.reporters.JUnitReportReporter -->
<testsuite skipped="0" hostname="LAPTOP-FT5S200T" name="edgebrowser" tests="3" failures="0" timestamp="30 Jul 2019 11:55:28 GMT" time="7.615" errors="0">
  <testcase name="launchBrowser" time="4.809" classname="edgebrowser"/>
  <testcase name="openEdgeBrowser" time="1.976" classname="edgebrowser"/>
  <testcase name="closeDriver" time="0.830" classname="edgebrowser"/>
</testsuite> <!-- edgebrowser -->
